0 info it worked if it ends with ok
1 verbose cli [ 'C:\\Program Files\\nodejs\\node.exe',
1 verbose cli   'C:\\Program Files\\nodejs\\node_modules\\npm\\bin\\npm-cli.js',
1 verbose cli   'run',
1 verbose cli   'start-dev' ]
2 info using npm@3.10.9
3 info using node@v6.9.2
4 verbose run-script [ 'prestart-dev', 'start-dev', 'poststart-dev' ]
5 info lifecycle react-tsc@1.0.0~prestart-dev: react-tsc@1.0.0
6 silly lifecycle react-tsc@1.0.0~prestart-dev: no script for prestart-dev, continuing
7 info lifecycle react-tsc@1.0.0~start-dev: react-tsc@1.0.0
8 verbose lifecycle react-tsc@1.0.0~start-dev: unsafe-perm in lifecycle true
9 verbose lifecycle react-tsc@1.0.0~start-dev: PATH: C:\Program Files\nodejs\node_modules\npm\bin\node-gyp-bin;E:\workspace\git\github\react-redux-learning\0.ts-base\node_modules\.bin;C:\ProgramData\Oracle\Java\javapath;C:\Windows\system32;C:\Windows;C:\Windows\System32\Wbem;C:\Windows\System32\WindowsPowerShell\v1.0\;C:\Program Files (x86)\NVIDIA Corporation\PhysX\Common;C:\Program Files (x86)\Windows Kits\8.1\Windows Performance Toolkit\;C:\Program Files\Microsoft SQL Server\110\Tools\Binn\;C:\Program Files (x86)\Microsoft SDKs\TypeScript\1.0\;C:\Program Files\Microsoft SQL Server\120\Tools\Binn\;C:\Program Files\TortoiseGit\bin;C:\Program Files\Java\jdk1.7.0_79\bin;C:\Program Files\Java\jdk1.7.0_79\jre\bin;c:\Program Files (x86)\Microsoft ASP.NET\ASP.NET Web Pages\v1.0\;c:\Program Files (x86)\Microsoft SQL Server\100\Tools\Binn\;c:\Program Files\Microsoft SQL Server\100\Tools\Binn\;c:\Program Files\Microsoft SQL Server\100\DTS\Binn\;C:\depot_tools;C:\Program Files (x86)\Microsoft Visual Studio 12.0\Common7\Tools\;C:\Program Files (x86)\Windows Kits\10\Windows Performance Toolkit\;C:\tools\python2;D:\Program Files (x86)\gradle-2.14\bin;C:\Program Files (x86)\redis-2.8.12;C:\Program Files (x86)\apache-maven-3.3.9\bin;C:\WINDOWS\system32;C:\WINDOWS;C:\WINDOWS\System32\Wbem;C:\WINDOWS\System32\WindowsPowerShell\v1.0\;C:\Program Files\nodejs\;C:\Go\packages\bin;C:\MinGW\msys\1.0\bin;C:\Go\\bin;C:\Program Files\Git\cmd;C:\MinGW\mingw64\bin;C:\MinGW\bin;C:\Go\bin;C:\Program Files (x86)\GNU\GnuPG\pub;d:\Program Files (x86)\GNU\GnuPG\pub;C:\Program Files\TortoiseSVN\bin;C:\ProgramData\chocolatey\bin;C:\Users\Frank\AppData\Local\Microsoft\WindowsApps;C:\Users\Frank\AppData\Roaming\npm;C:\Program Files\Heroku\bin;C:\Program Files\Mercurial;C:\Program Files\Microsoft VS Code\bin
10 verbose lifecycle react-tsc@1.0.0~start-dev: CWD: E:\workspace\git\github\react-redux-learning\0.ts-base
11 silly lifecycle react-tsc@1.0.0~start-dev: Args: [ '/d /s /c',
11 silly lifecycle   'npm run build && node dist/app.js --development' ]
12 silly lifecycle react-tsc@1.0.0~start-dev: Returned: code: 1  signal: null
13 info lifecycle react-tsc@1.0.0~start-dev: Failed to exec start-dev script
14 verbose stack Error: react-tsc@1.0.0 start-dev: `npm run build && node dist/app.js --development`
14 verbose stack Exit status 1
14 verbose stack     at EventEmitter.<anonymous> (C:\Program Files\nodejs\node_modules\npm\lib\utils\lifecycle.js:255:16)
14 verbose stack     at emitTwo (events.js:106:13)
14 verbose stack     at EventEmitter.emit (events.js:191:7)
14 verbose stack     at ChildProcess.<anonymous> (C:\Program Files\nodejs\node_modules\npm\lib\utils\spawn.js:40:14)
14 verbose stack     at emitTwo (events.js:106:13)
14 verbose stack     at ChildProcess.emit (events.js:191:7)
14 verbose stack     at maybeClose (internal/child_process.js:877:16)
14 verbose stack     at Process.ChildProcess._handle.onexit (internal/child_process.js:226:5)
15 verbose pkgid react-tsc@1.0.0
16 verbose cwd E:\workspace\git\github\react-redux-learning\0.ts-base
17 error Windows_NT 10.0.14393
18 error argv "C:\\Program Files\\nodejs\\node.exe" "C:\\Program Files\\nodejs\\node_modules\\npm\\bin\\npm-cli.js" "run" "start-dev"
19 error node v6.9.2
20 error npm  v3.10.9
21 error code ELIFECYCLE
22 error react-tsc@1.0.0 start-dev: `npm run build && node dist/app.js --development`
22 error Exit status 1
23 error Failed at the react-tsc@1.0.0 start-dev script 'npm run build && node dist/app.js --development'.
23 error Make sure you have the latest version of node.js and npm installed.
23 error If you do, this is most likely a problem with the react-tsc package,
23 error not with npm itself.
23 error Tell the author that this fails on your system:
23 error     npm run build && node dist/app.js --development
23 error You can get information on how to open an issue for this project with:
23 error     npm bugs react-tsc
23 error Or if that isn't available, you can get their info via:
23 error     npm owner ls react-tsc
23 error There is likely additional logging output above.
24 verbose exit [ 1, true ]
